<?xml version="1.0" encoding="UTF-8"?>
<!-- Generated by org.testng.reporters.JUnitXMLReporter -->
<testsuite hostname="LAPTOP-NHPOKVG3" ignored="0" name="Default test" tests="4" failures="0" timestamp="07 Jan 2020 08:50:58 GMT" time="6.09" errors="0">
  <testcase name="verifyDresses" time="0.127" classname="zoho.app.test.HomepageTest"/>
  <testcase name="verifyTshirts" time="0.084" classname="zoho.app.test.HomepageTest"/>
  <testcase name="verifyWomen" time="0.052" classname="zoho.app.test.HomepageTest"/>
  <testcase name="verifyclick" time="5.793" classname="zoho.app.test.HomepageTest"/>
</testsuite> <!-- Default test -->
