<?xml version="1.0" encoding="UTF-8"?>
<!-- Generated by org.testng.reporters.JUnitXMLReporter -->
<testsuite hostname="LAPTOP-NHPOKVG3" name="Command line test" tests="4" failures="1" timestamp="6 Jan 2020 07:22:43 GMT" time="3.554" errors="0">
  <testcase name="verifyDresses" time="0.061" classname="zoho.app.test.HomepageTest"/>
  <testcase name="verifyTshirts" time="0.05" classname="zoho.app.test.HomepageTest"/>
  <testcase name="verifyWomen" time="0.037" classname="zoho.app.test.HomepageTest"/>
  <testcase name="verifycountobj" time="3.392" classname="zoho.app.test.Testcount">
    <failure type="java.lang.NumberFormatException" message="For input string: &amp;quot;e&amp;quot;">
      <![CDATA[java.lang.NumberFormatException: For input string: "e"
	at java.lang.NumberFormatException.forInputString(NumberFormatException.java:65)
	at java.lang.Integer.parseInt(Integer.java:580)
	at java.lang.Integer.parseInt(Integer.java:615)
	at zoho.app.pages.Navigateobj.count(Navigateobj.java:24)
	at zoho.app.test.Testcount.verifycountobj(Testcount.java:26)
	at org.apache.maven.surefire.testng.TestNGExecutor.run(TestNGExecutor.java:77)
	at org.apache.maven.surefire.testng.TestNGDirectoryTestSuite.executeMulti(TestNGDirectoryTestSuite.java:159)
	at org.apache.maven.surefire.testng.TestNGDirectoryTestSuite.execute(TestNGDirectoryTestSuite.java:99)
	at org.apache.maven.surefire.testng.TestNGProvider.invoke(TestNGProvider.java:106)
	at org.apache.maven.surefire.util.ReflectionUtils.invokeMethodWithArray(ReflectionUtils.java:189)
	at org.apache.maven.surefire.booter.ProviderFactory$ProviderProxy.invoke(ProviderFactory.java:165)
	at org.apache.maven.surefire.booter.ProviderFactory.invokeProvider(ProviderFactory.java:85)
	at org.apache.maven.surefire.booter.ForkedBooter.runSuitesInProcess(ForkedBooter.java:115)
	at org.apache.maven.surefire.booter.ForkedBooter.main(ForkedBooter.java:75)
... Removed 25 stack frames]]>
    </failure>
  </testcase> <!-- verifycountobj -->
</testsuite> <!-- Command line test -->
