<?xml version="1.0" encoding="UTF-8"?>
<testng-results skipped="0" failed="1" total="4" passed="3">
  <reporter-output>
  </reporter-output>
  <suite name="Command line suite" duration-ms="2923" started-at="2020-01-03T08:52:44Z" finished-at="2020-01-03T08:52:47Z">
    <groups>
    </groups>
    <test name="Command line test" duration-ms="2923" started-at="2020-01-03T08:52:44Z" finished-at="2020-01-03T08:52:47Z">
      <class name="zoho.app.test.Testcount">
        <test-method status="FAIL" signature="verifycountobj()[pri:0, instance:zoho.app.test.Testcount@6c130c45]" name="verifycountobj" duration-ms="2764" started-at="2020-01-03T14:22:44Z" finished-at="2020-01-03T14:22:47Z">
          <exception class="java.lang.NumberFormatException">
            <message>
              <![CDATA[For input string: "e"]]>
            </message>
            <full-stacktrace>
              <![CDATA[java.lang.NumberFormatException: For input string: "e"
	at java.lang.NumberFormatException.forInputString(NumberFormatException.java:65)
	at java.lang.Integer.parseInt(Integer.java:580)
	at java.lang.Integer.parseInt(Integer.java:615)
	at zoho.app.pages.Navigateobj.count(Navigateobj.java:24)
	at zoho.app.test.Testcount.verifycountobj(Testcount.java:26)
	at sun.reflect.NativeMethodAccessorImpl.invoke0(Native Method)
	at sun.reflect.NativeMethodAccessorImpl.invoke(NativeMethodAccessorImpl.java:62)
	at sun.reflect.DelegatingMethodAccessorImpl.invoke(DelegatingMethodAccessorImpl.java:43)
	at java.lang.reflect.Method.invoke(Method.java:498)
	at org.testng.internal.MethodInvocationHelper.invokeMethod(MethodInvocationHelper.java:80)
	at org.testng.internal.Invoker.invokeMethod(Invoker.java:714)
	at org.testng.internal.Invoker.invokeTestMethod(Invoker.java:901)
	at org.testng.internal.Invoker.invokeTestMethods(Invoker.java:1231)
	at org.testng.internal.TestMethodWorker.invokeTestMethods(TestMethodWorker.java:127)
	at org.testng.internal.TestMethodWorker.run(TestMethodWorker.java:111)
	at org.testng.TestRunner.privateRun(TestRunner.java:767)
	at org.testng.TestRunner.run(TestRunner.java:617)
	at org.testng.SuiteRunner.runTest(SuiteRunner.java:334)
	at org.testng.SuiteRunner.runSequentially(SuiteRunner.java:329)
	at org.testng.SuiteRunner.privateRun(SuiteRunner.java:291)
	at org.testng.SuiteRunner.run(SuiteRunner.java:240)
	at org.testng.SuiteRunnerWorker.runSuite(SuiteRunnerWorker.java:52)
	at org.testng.SuiteRunnerWorker.run(SuiteRunnerWorker.java:86)
	at org.testng.TestNG.runSuitesSequentially(TestNG.java:1198)
	at org.testng.TestNG.runSuitesLocally(TestNG.java:1123)
	at org.testng.TestNG.run(TestNG.java:1031)
	at org.apache.maven.surefire.testng.TestNGExecutor.run(TestNGExecutor.java:77)
	at org.apache.maven.surefire.testng.TestNGDirectoryTestSuite.executeMulti(TestNGDirectoryTestSuite.java:159)
	at org.apache.maven.surefire.testng.TestNGDirectoryTestSuite.execute(TestNGDirectoryTestSuite.java:99)
	at org.apache.maven.surefire.testng.TestNGProvider.invoke(TestNGProvider.java:106)
	at sun.reflect.NativeMethodAccessorImpl.invoke0(Native Method)
	at sun.reflect.NativeMethodAccessorImpl.invoke(NativeMethodAccessorImpl.java:62)
	at sun.reflect.DelegatingMethodAccessorImpl.invoke(DelegatingMethodAccessorImpl.java:43)
	at java.lang.reflect.Method.invoke(Method.java:498)
	at org.apache.maven.surefire.util.ReflectionUtils.invokeMethodWithArray(ReflectionUtils.java:189)
	at org.apache.maven.surefire.booter.ProviderFactory$ProviderProxy.invoke(ProviderFactory.java:165)
	at org.apache.maven.surefire.booter.ProviderFactory.invokeProvider(ProviderFactory.java:85)
	at org.apache.maven.surefire.booter.ForkedBooter.runSuitesInProcess(ForkedBooter.java:115)
	at org.apache.maven.surefire.booter.ForkedBooter.main(ForkedBooter.java:75)
]]>
            </full-stacktrace>
          </exception> <!-- java.lang.NumberFormatException -->
          <reporter-output>
          </reporter-output>
        </test-method> <!-- verifycountobj -->
      </class> <!-- zoho.app.test.Testcount -->
      <class name="zoho.app.test.HomepageTest">
        <test-method status="PASS" signature="verifyDresses()[pri:0, instance:zoho.app.test.HomepageTest@693fe6c9]" name="verifyDresses" duration-ms="62" started-at="2020-01-03T14:22:44Z" finished-at="2020-01-03T14:22:44Z">
          <reporter-output>
          </reporter-output>
        </test-method> <!-- verifyDresses -->
        <test-method status="PASS" signature="verifyTshirts()[pri:0, instance:zoho.app.test.HomepageTest@693fe6c9]" name="verifyTshirts" duration-ms="51" started-at="2020-01-03T14:22:44Z" finished-at="2020-01-03T14:22:44Z">
          <reporter-output>
          </reporter-output>
        </test-method> <!-- verifyTshirts -->
        <test-method status="PASS" signature="verifyWomen()[pri:0, instance:zoho.app.test.HomepageTest@693fe6c9]" name="verifyWomen" duration-ms="34" started-at="2020-01-03T14:22:44Z" finished-at="2020-01-03T14:22:44Z">
          <reporter-output>
          </reporter-output>
        </test-method> <!-- verifyWomen -->
      </class> <!-- zoho.app.test.HomepageTest -->
    </test> <!-- Command line test -->
  </suite> <!-- Command line suite -->
</testng-results>
