<?xml version="1.0" encoding="UTF-8"?>
<testng-results skipped="0" failed="0" ignored="0" total="4" passed="4">
  <reporter-output>
  </reporter-output>
  <suite name="Default suite" duration-ms="6090" started-at="2020-01-07T08:50:51Z" finished-at="2020-01-07T08:50:58Z">
    <groups>
    </groups>
    <test name="Default test" duration-ms="6090" started-at="2020-01-07T08:50:51Z" finished-at="2020-01-07T08:50:58Z">
      <class name="zoho.app.test.HomepageTest">
        <test-method status="PASS" signature="verifyDresses()[pri:0, instance:zoho.app.test.HomepageTest@2d901eb0]" name="verifyDresses" duration-ms="127" started-at="2020-01-07T14:20:51Z" finished-at="2020-01-07T14:20:52Z">
          <reporter-output>
          </reporter-output>
        </test-method> <!-- verifyDresses -->
        <test-method status="PASS" signature="verifyTshirts()[pri:0, instance:zoho.app.test.HomepageTest@2d901eb0]" name="verifyTshirts" duration-ms="84" started-at="2020-01-07T14:20:52Z" finished-at="2020-01-07T14:20:52Z">
          <reporter-output>
          </reporter-output>
        </test-method> <!-- verifyTshirts -->
        <test-method status="PASS" signature="verifyWomen()[pri:0, instance:zoho.app.test.HomepageTest@2d901eb0]" name="verifyWomen" duration-ms="52" started-at="2020-01-07T14:20:52Z" finished-at="2020-01-07T14:20:52Z">
          <reporter-output>
          </reporter-output>
        </test-method> <!-- verifyWomen -->
        <test-method status="PASS" signature="verifyclick()[pri:0, instance:zoho.app.test.HomepageTest@2d901eb0]" name="verifyclick" duration-ms="5793" started-at="2020-01-07T14:20:52Z" finished-at="2020-01-07T14:20:58Z">
          <reporter-output>
          </reporter-output>
        </test-method> <!-- verifyclick -->
      </class> <!-- zoho.app.test.HomepageTest -->
    </test> <!-- Default test -->
  </suite> <!-- Default suite -->
</testng-results>
